<?xml version="1.0" encoding="UTF-8"?>
<!-- Generated by org.testng.reporters.JUnitReportReporter -->
<testsuite hostname="Daniel" name="com.automation.tests.FrontEndAutomation" tests="1" failures="0" timestamp="11 Aug 2015 15:37:36 GMT" time="47.785" errors="0">
  <testcase name="search_and_sort_result_by_price" time="47.785" classname="com.automation.tests.FrontEndAutomation"/>
</testsuite> <!-- com.automation.tests.FrontEndAutomation -->
